<?xml version="1.0" encoding="UTF-8"?>
<!-- Generated by org.testng.reporters.JUnitReportReporter -->
<testsuite hostname="inbl01lap05547" failures="0" tests="2" name="week6.day1.LeafTaps" time="0.004" errors="0" timestamp="2023-01-21T12:30:34 IST" skipped="0">
  <testcase classname="week6.day1.LeafTaps" name="testcase2" time="0.001"/>
  <system-out/>
  <testcase classname="week6.day1.LeafTaps" name="testcase1" time="0.003"/>
  <system-out/>
</testsuite> <!-- week6.day1.LeafTaps -->
