<?xml version="1.0" encoding="UTF-8"?>
<!-- Generated by org.testng.reporters.JUnitReportReporter -->
<testsuite hostname="inbl01lap05547" failures="0" tests="4" name="testcase.BaseClass" time="48.164" errors="0" timestamp="2023-01-27T22:34:06 IST" skipped="0">
  <testcase classname="testcase.BaseClass" name="googletest" time="10.851"/>
  <system-out/>
  <testcase classname="testcase.BaseClass" name="googletest" time="11.078"/>
  <system-out/>
  <testcase classname="testcase.BaseClass" name="googletest" time="13.116"/>
  <system-out/>
  <testcase classname="testcase.BaseClass" name="googletest" time="13.119"/>
  <system-out/>
</testsuite> <!-- testcase.BaseClass -->
