<?xml version="1.0" encoding="UTF-8"?>
<!-- Generated by org.testng.reporters.JUnitReportReporter -->
<testsuite hostname="inbl01lap05547" failures="0" tests="1" name="testcase.DeleteLead" time="0.000" errors="0" timestamp="2023-02-09T19:31:14 IST" skipped="1">
  <testcase classname="testcase.DeleteLead" name="runDeleteLead" time="0.000">
    <skipped/>
  </testcase> <!-- runDeleteLead -->
  <system-out/>
</testsuite> <!-- testcase.DeleteLead -->
